d:\documentos\meic\semestre1\avt\teamproject\teamproject\x64\debug\vc142.pdb
d:\documentos\meic\semestre1\avt\teamproject\teamproject\x64\debug\vc142.idb
d:\documentos\meic\semestre1\avt\teamproject\teamproject\x64\debug\vertexbufferlayout.obj
d:\documentos\meic\semestre1\avt\teamproject\teamproject\x64\debug\vertexbuffer.obj
d:\documentos\meic\semestre1\avt\teamproject\teamproject\x64\debug\vertexarray.obj
d:\documentos\meic\semestre1\avt\teamproject\teamproject\x64\debug\vector4.obj
d:\documentos\meic\semestre1\avt\teamproject\teamproject\x64\debug\vector3.obj
d:\documentos\meic\semestre1\avt\teamproject\teamproject\x64\debug\vector2.obj
d:\documentos\meic\semestre1\avt\teamproject\teamproject\x64\debug\uniformbuffer.obj
d:\documentos\meic\semestre1\avt\teamproject\teamproject\x64\debug\shader.obj
d:\documentos\meic\semestre1\avt\teamproject\teamproject\x64\debug\renderer.obj
d:\documentos\meic\semestre1\avt\teamproject\teamproject\x64\debug\quaternion.obj
d:\documentos\meic\semestre1\avt\teamproject\teamproject\x64\debug\mesh.obj
d:\documentos\meic\semestre1\avt\teamproject\teamproject\x64\debug\matrix.obj
d:\documentos\meic\semestre1\avt\teamproject\teamproject\x64\debug\mat4.obj
d:\documentos\meic\semestre1\avt\teamproject\teamproject\x64\debug\mat3.obj
d:\documentos\meic\semestre1\avt\teamproject\teamproject\x64\debug\mat2.obj
d:\documentos\meic\semestre1\avt\teamproject\teamproject\x64\debug\main.obj
d:\documentos\meic\semestre1\avt\teamproject\teamproject\x64\debug\indexbuffer.obj
d:\documentos\meic\semestre1\avt\teamproject\teamproject\x64\debug\errormanager.obj
d:\documentos\meic\semestre1\avt\teamproject\teamproject\x64\debug\engine.obj
d:\documentos\meic\semestre1\avt\teamproject\teamproject\x64\debug\camera.obj
d:\documentos\meic\semestre1\avt\teamproject\teamproject\x64\debug\teamproject.ilk
d:\documentos\meic\semestre1\avt\teamproject\teamproject\x64\debug\teamproject.exe
d:\documentos\meic\semestre1\avt\teamproject\teamproject\x64\debug\teamproject.pdb
d:\documentos\meic\semestre1\avt\teamproject\teamproject\x64\debug\teamproject.tlog\cl.command.1.tlog
d:\documentos\meic\semestre1\avt\teamproject\teamproject\x64\debug\teamproject.tlog\cl.read.1.tlog
d:\documentos\meic\semestre1\avt\teamproject\teamproject\x64\debug\teamproject.tlog\cl.write.1.tlog
d:\documentos\meic\semestre1\avt\teamproject\teamproject\x64\debug\teamproject.tlog\link.command.1.tlog
d:\documentos\meic\semestre1\avt\teamproject\teamproject\x64\debug\teamproject.tlog\link.read.1.tlog
d:\documentos\meic\semestre1\avt\teamproject\teamproject\x64\debug\teamproject.tlog\link.write.1.tlog
